Using random seed:  1000
/data/xwt/HGNN/config/config.py:21: YAMLLoadWarning: calling yaml.load() without Loader=... is deprecated, as the default Loader is unsafe. Please read https://msg.pyyaml.org/load for full details.
  cfg = yaml.load(f)
Using cora dataset
max degree: 169, mean degree:4.89807976366322
----------
Epoch 0/599
/data/xwt/miniconda3/lib/python3.8/site-packages/torch/optim/lr_scheduler.py:117: UserWarning: Detected call of `lr_scheduler.step()` before `optimizer.step()`. In PyTorch 1.1.0 and later, you should call them in the opposite order: `optimizer.step()` before `lr_scheduler.step()`.  Failure to do this will result in PyTorch skipping the first value of the learning rate schedule. See more details at https://pytorch.org/docs/stable/optim.html#how-to-adjust-learning-rate
  warnings.warn("Detected call of `lr_scheduler.step()` before `optimizer.step()`. "
train Loss: 0.0139 Acc: 0.0857
val Loss: 0.0039 Acc: 0.1380
Best val Acc: 0.138000, Min val loss: 0.003891
--------------------
----------
Epoch 50/599
train Loss: 0.0094 Acc: 0.7500
val Loss: 0.0029 Acc: 0.6500
Best val Acc: 0.650000, Min val loss: 0.002927
--------------------
----------
Epoch 100/599
train Loss: 0.0013 Acc: 0.9714
val Loss: 0.0018 Acc: 0.7720
Best val Acc: 0.782000, Min val loss: 0.001744
--------------------
----------
Epoch 150/599
train Loss: 0.0006 Acc: 1.0000
val Loss: 0.0019 Acc: 0.7600
Best val Acc: 0.782000, Min val loss: 0.001744
--------------------
----------
Epoch 200/599
train Loss: 0.0005 Acc: 0.9929
val Loss: 0.0022 Acc: 0.7660
Best val Acc: 0.782000, Min val loss: 0.001744
--------------------
----------
Epoch 250/599
train Loss: 0.0004 Acc: 1.0000
val Loss: 0.0025 Acc: 0.7300
Best val Acc: 0.782000, Min val loss: 0.001744
--------------------
----------
Epoch 300/599
train Loss: 0.0004 Acc: 0.9857
val Loss: 0.0025 Acc: 0.7340
Best val Acc: 0.782000, Min val loss: 0.001744
--------------------
----------
Epoch 350/599
train Loss: 0.0003 Acc: 1.0000
val Loss: 0.0026 Acc: 0.7320
Best val Acc: 0.782000, Min val loss: 0.001744
--------------------
----------
Epoch 400/599
train Loss: 0.0003 Acc: 0.9929
val Loss: 0.0024 Acc: 0.7520
Best val Acc: 0.782000, Min val loss: 0.001744
--------------------
----------
Epoch 450/599
train Loss: 0.0002 Acc: 0.9929
val Loss: 0.0026 Acc: 0.7360
Best val Acc: 0.782000, Min val loss: 0.001744
--------------------
----------
Epoch 500/599
train Loss: 0.0003 Acc: 1.0000
val Loss: 0.0026 Acc: 0.7500
Best val Acc: 0.782000, Min val loss: 0.001744
--------------------
----------
Epoch 550/599
train Loss: 0.0002 Acc: 1.0000
val Loss: 0.0026 Acc: 0.7500
Best val Acc: 0.782000, Min val loss: 0.001744
--------------------

Training complete in 0m 7s

State dict updates 118
Best val Acc: 0.782000
**** Model of lowest val loss ****
********************
Test acc: 0.772 @Epoch-88
********************
**** Model of best val acc ****
********************
Test acc: 0.784 @Epoch-94
********************
