Using random seed:  1000
/data/xwt/HGNN/config/config.py:21: YAMLLoadWarning: calling yaml.load() without Loader=... is deprecated, as the default Loader is unsafe. Please read https://msg.pyyaml.org/load for full details.
  cfg = yaml.load(f)
Using pubmed dataset
max degree: 172, mean degree:5.496170817061419
----------
Epoch 0/599
/data/xwt/miniconda3/lib/python3.8/site-packages/torch/optim/lr_scheduler.py:117: UserWarning: Detected call of `lr_scheduler.step()` before `optimizer.step()`. In PyTorch 1.1.0 and later, you should call them in the opposite order: `optimizer.step()` before `lr_scheduler.step()`.  Failure to do this will result in PyTorch skipping the first value of the learning rate schedule. See more details at https://pytorch.org/docs/stable/optim.html#how-to-adjust-learning-rate
  warnings.warn("Detected call of `lr_scheduler.step()` before `optimizer.step()`. "
train Loss: 0.0183 Acc: 0.3667
val Loss: 0.0022 Acc: 0.1960
Best val Acc: 0.196000, Min val loss: 0.002200
--------------------
----------
Epoch 50/599
train Loss: 0.0109 Acc: 0.6833
val Loss: 0.0021 Acc: 0.5620
Best val Acc: 0.562000, Min val loss: 0.001898
--------------------
----------
Epoch 100/599
train Loss: 0.0045 Acc: 0.9500
val Loss: 0.0027 Acc: 0.7640
Best val Acc: 0.778000, Min val loss: 0.001898
--------------------
----------
Epoch 150/599
train Loss: 0.0022 Acc: 0.9667
val Loss: 0.0042 Acc: 0.7620
Best val Acc: 0.780000, Min val loss: 0.001898
--------------------
----------
Epoch 200/599
train Loss: 0.0022 Acc: 0.9667
val Loss: 0.0052 Acc: 0.7520
Best val Acc: 0.780000, Min val loss: 0.001898
--------------------
----------
Epoch 250/599
train Loss: 0.0044 Acc: 0.9167
val Loss: 0.0051 Acc: 0.7220
Best val Acc: 0.780000, Min val loss: 0.001898
--------------------
----------
Epoch 300/599
train Loss: 0.0021 Acc: 0.9667
val Loss: 0.0034 Acc: 0.7580
Best val Acc: 0.780000, Min val loss: 0.001898
--------------------
----------
Epoch 350/599
train Loss: 0.0020 Acc: 0.9667
val Loss: 0.0037 Acc: 0.7720
Best val Acc: 0.780000, Min val loss: 0.001898
--------------------
----------
Epoch 400/599
train Loss: 0.0019 Acc: 0.9667
val Loss: 0.0040 Acc: 0.7660
Best val Acc: 0.780000, Min val loss: 0.001898
--------------------
----------
Epoch 450/599
train Loss: 0.0020 Acc: 0.9667
val Loss: 0.0043 Acc: 0.7560
Best val Acc: 0.780000, Min val loss: 0.001898
--------------------
----------
Epoch 500/599
train Loss: 0.0020 Acc: 0.9667
val Loss: 0.0043 Acc: 0.7620
Best val Acc: 0.780000, Min val loss: 0.001898
--------------------
----------
Epoch 550/599
train Loss: 0.0020 Acc: 0.9667
val Loss: 0.0045 Acc: 0.7600
Best val Acc: 0.780000, Min val loss: 0.001898
--------------------

Training complete in 2m 5s

State dict updates 44
Best val Acc: 0.780000
**** Model of lowest val loss ****
********************
Test acc: 0.524 @Epoch-48
********************
**** Model of best val acc ****
********************
Test acc: 0.748 @Epoch-101
********************
