Using random seed:  1000
/data/xwt/HGNN/config/config.py:21: YAMLLoadWarning: calling yaml.load() without Loader=... is deprecated, as the default Loader is unsafe. Please read https://msg.pyyaml.org/load for full details.
  cfg = yaml.load(f)
Using pubmed dataset
max degree: 172, mean degree:5.496170817061419
----------
Epoch 0/599
/data/xwt/miniconda3/lib/python3.8/site-packages/torch/optim/lr_scheduler.py:117: UserWarning: Detected call of `lr_scheduler.step()` before `optimizer.step()`. In PyTorch 1.1.0 and later, you should call them in the opposite order: `optimizer.step()` before `lr_scheduler.step()`.  Failure to do this will result in PyTorch skipping the first value of the learning rate schedule. See more details at https://pytorch.org/docs/stable/optim.html#how-to-adjust-learning-rate
  warnings.warn("Detected call of `lr_scheduler.step()` before `optimizer.step()`. "
train Loss: 0.0183 Acc: 0.3500
val Loss: 0.0022 Acc: 0.1960
Best val Acc: 0.196000, Min val loss: 0.002199
--------------------
----------
Epoch 50/599
train Loss: 0.0183 Acc: 0.3333
val Loss: 0.0022 Acc: 0.1960
Best val Acc: 0.196000, Min val loss: 0.002199
--------------------
----------
Epoch 100/599
train Loss: 0.0182 Acc: 0.3333
val Loss: 0.0023 Acc: 0.1960
Best val Acc: 0.196000, Min val loss: 0.002199
--------------------
----------
Epoch 150/599
train Loss: 0.0181 Acc: 0.3333
val Loss: 0.0022 Acc: 0.1960
Best val Acc: 0.198000, Min val loss: 0.002199
--------------------
----------
Epoch 200/599
train Loss: 0.0182 Acc: 0.3333
val Loss: 0.0022 Acc: 0.1960
Best val Acc: 0.202000, Min val loss: 0.002199
--------------------
----------
Epoch 250/599
train Loss: 0.0181 Acc: 0.3333
val Loss: 0.0022 Acc: 0.2060
Best val Acc: 0.210000, Min val loss: 0.002199
--------------------
----------
Epoch 300/599
train Loss: 0.0181 Acc: 0.3500
val Loss: 0.0022 Acc: 0.2100
Best val Acc: 0.226000, Min val loss: 0.002199
--------------------
----------
Epoch 350/599
train Loss: 0.0182 Acc: 0.3667
val Loss: 0.0022 Acc: 0.2200
Best val Acc: 0.240000, Min val loss: 0.002199
--------------------
----------
Epoch 400/599
train Loss: 0.0183 Acc: 0.3500
val Loss: 0.0022 Acc: 0.2000
Best val Acc: 0.240000, Min val loss: 0.002199
--------------------
----------
Epoch 450/599
train Loss: 0.0181 Acc: 0.4833
val Loss: 0.0022 Acc: 0.2360
Best val Acc: 0.268000, Min val loss: 0.002199
--------------------
----------
Epoch 500/599
train Loss: 0.0181 Acc: 0.4000
val Loss: 0.0022 Acc: 0.2220
Best val Acc: 0.276000, Min val loss: 0.002199
--------------------
----------
Epoch 550/599
train Loss: 0.0182 Acc: 0.4167
val Loss: 0.0022 Acc: 0.2380
Best val Acc: 0.276000, Min val loss: 0.002199
--------------------

Training complete in 8m 25s

State dict updates 17
Best val Acc: 0.288000
**** Model of lowest val loss ****
********************
Test acc: 0.18 @Epoch-0
********************
**** Model of best val acc ****
********************
Test acc: 0.231 @Epoch-598
********************
